#
# There is insufficient memory for the Java Runtime Environment to continue.
# Native memory allocation (malloc) failed to allocate 1048576 bytes for AllocateHeap
# Possible reasons:
#   The system is out of physical RAM or swap space
#   In 32 bit mode, the process size limit was hit
# Possible solutions:
#   Reduce memory load on the system
#   Increase physical memory or swap space
#   Check if swap backing store is full
#   Use 64 bit Java on a 64 bit OS
#   Decrease Java heap size (-Xmx/-Xms)
#   Decrease number of Java threads
#   Decrease Java thread stack sizes (-Xss)
#   Set larger code cache with -XX:ReservedCodeCacheSize=
# This output file may be truncated or incomplete.
#
#  Out of Memory Error (memory/allocation.inline.hpp:61), pid=14132, tid=0x0000000000003658
#
# JRE version:  (8.0_131-b11) (build )
# Java VM: Java HotSpot(TM) 64-Bit Server VM (25.131-b11 mixed mode windows-amd64 compressed oops)
# Failed to write core dump. Minidumps are not enabled by default on client versions of Windows
#

---------------  T H R E A D  ---------------

Current thread (0x0000000004c2d800):  JavaThread "Unknown thread" [_thread_in_vm, id=13912, stack(0x0000000004c30000,0x0000000004d30000)]

Stack: [0x0000000004c30000,0x0000000004d30000]
[error occurred during error reporting (printing stack bounds), id 0xc0000005]

Native frames: (J=compiled Java code, j=interpreted, Vv=VM code, C=native code)


---------------  P R O C E S S  ---------------

Java Threads: ( => current thread )

Other Threads:

=>0x0000000004c2d800 (exited) JavaThread "Unknown thread" [_thread_in_vm, id=13912, stack(0x0000000004c30000,0x0000000004d30000)]

VM state:not at safepoint (normal execution)

VM Mutex/Monitor currently owned by a thread: None

Heap:
 PSYoungGen      total 38400K, used 665K [0x00000000d5d00000, 0x00000000d8780000, 0x0000000100000000)
  eden space 33280K, 2% used [0x00000000d5d00000,0x00000000d5da6670,0x00000000d7d80000)
  from space 5120K, 0% used [0x00000000d8280000,0x00000000d8280000,0x00000000d8780000)
  to   space 5120K, 0% used [0x00000000d7d80000,0x00000000d7d80000,0x00000000d8280000)
 ParOldGen       total 87552K, used 0K [0x0000000081600000, 0x0000000086b80000, 0x00000000d5d00000)
  object space 87552K, 0% used [0x0000000081600000,0x0000000081600000,0x0000000086b80000)
 Metaspace       used 770K, capacity 4480K, committed 4480K, reserved 1056768K
  class space    used 75K, capacity 384K, committed 384K, reserved 1048576K

Card table byte_map: [0x0000000014550000,0x0000000014950000] byte_map_base: 0x0000000014145000

Marking Bits: (ParMarkBitMap*) 0x00000000680dc720
 Begin Bits: [0x0000000015400000, 0x00000000173a8000)
 End Bits:   [0x00000000173a8000, 0x0000000019350000)

Polling page: 0x0000000002e60000

CodeCache: size=245760Kb used=328Kb max_used=328Kb free=245431Kb
 bounds [0x0000000005190000, 0x0000000005400000, 0x0000000014190000]
 total_blobs=58 nmethods=0 adapters=38
 compilation: enabled

Compilation events (0 events):
No events

GC Heap History (0 events):
No events

Deoptimization events (0 events):
No events

Internal exceptions (0 events):
No events

Events (10 events):
Event: 0.031 loading class java/lang/Short
Event: 0.031 loading class java/lang/Short done
Event: 0.031 loading class java/lang/Integer
Event: 0.031 loading class java/lang/Integer done
Event: 0.031 loading class java/lang/Long
Event: 0.031 loading class java/lang/Long done
Event: 0.032 loading class java/lang/NullPointerException
Event: 0.032 loading class java/lang/NullPointerException done
Event: 0.032 loading class java/lang/ArithmeticException
Event: 0.032 loading class java/lang/ArithmeticException done


Dynamic libraries:
0x00007ff64e500000 - 0x00007ff64e537000 	D:\software\java\jdk8\bin\javaw.exe
0x00007ffe6f9e0000 - 0x00007ffe6fbc0000 	C:\WINDOWS\SYSTEM32\ntdll.dll
0x00007ffe6d430000 - 0x00007ffe6d4de000 	C:\WINDOWS\System32\KERNEL32.DLL
0x00007ffe6bfb0000 - 0x00007ffe6c216000 	C:\WINDOWS\System32\KERNELBASE.dll
0x00007ffe6f900000 - 0x00007ffe6f9a1000 	C:\WINDOWS\System32\ADVAPI32.dll
0x00007ffe6d390000 - 0x00007ffe6d42d000 	C:\WINDOWS\System32\msvcrt.dll
0x00007ffe6f660000 - 0x00007ffe6f6bb000 	C:\WINDOWS\System32\sechost.dll
0x00007ffe6d260000 - 0x00007ffe6d37f000 	C:\WINDOWS\System32\RPCRT4.dll
0x00007ffe6ea50000 - 0x00007ffe6ebdf000 	C:\WINDOWS\System32\USER32.dll
0x00007ffe6bf90000 - 0x00007ffe6bfb0000 	C:\WINDOWS\System32\win32u.dll
0x00007ffe6d1c0000 - 0x00007ffe6d1e8000 	C:\WINDOWS\System32\GDI32.dll
0x00007ffe6cd10000 - 0x00007ffe6cea3000 	C:\WINDOWS\System32\gdi32full.dll
0x00007ffe6c2a0000 - 0x00007ffe6c33b000 	C:\WINDOWS\System32\msvcp_win.dll
0x00007ffe6be30000 - 0x00007ffe6bf26000 	C:\WINDOWS\System32\ucrtbase.dll
0x00007ffe5a4f0000 - 0x00007ffe5a759000 	C:\WINDOWS\WinSxS\amd64_microsoft.windows.common-controls_6595b64144ccf1df_6.0.16299.98_none_cc930a042215c348\COMCTL32.dll
0x00007ffe6ceb0000 - 0x00007ffe6d1b8000 	C:\WINDOWS\System32\combase.dll
0x00007ffe6c220000 - 0x00007ffe6c292000 	C:\WINDOWS\System32\bcryptPrimitives.dll
0x00007ffe6ee20000 - 0x00007ffe6ee4d000 	C:\WINDOWS\System32\IMM32.DLL
0x0000000067610000 - 0x00000000676e2000 	D:\software\java\jdk8\jre\bin\msvcr100.dll
0x00000000678c0000 - 0x000000006815c000 	D:\software\java\jdk8\jre\bin\server\jvm.dll
0x00007ffe6d380000 - 0x00007ffe6d388000 	C:\WINDOWS\System32\PSAPI.DLL
0x00007ffe597d0000 - 0x00007ffe597d9000 	C:\WINDOWS\SYSTEM32\WSOCK32.dll
0x00007ffe69e40000 - 0x00007ffe69e63000 	C:\WINDOWS\SYSTEM32\WINMM.dll
0x00007ffe66820000 - 0x00007ffe6682a000 	C:\WINDOWS\SYSTEM32\VERSION.dll
0x00007ffe6f5f0000 - 0x00007ffe6f65c000 	C:\WINDOWS\System32\WS2_32.dll
0x00007ffe69de0000 - 0x00007ffe69e0a000 	C:\WINDOWS\SYSTEM32\winmmbase.dll
0x00007ffe6bde0000 - 0x00007ffe6be2a000 	C:\WINDOWS\System32\cfgmgr32.dll
0x00000000677d0000 - 0x00000000677df000 	D:\software\java\jdk8\jre\bin\verify.dll
0x00000000677a0000 - 0x00000000677c9000 	D:\software\java\jdk8\jre\bin\java.dll
0x0000000067780000 - 0x0000000067796000 	D:\software\java\jdk8\jre\bin\zip.dll

VM Arguments:
jvm_args: -Dfile.encoding=UTF-8 
java_command: cn.edu.cqupt.sankey.SankeyDiagramTest
java_class_path (initial): E:\JavaWorkspace\cluster-comparer\target\classes;D:\Repository\maven\com\jfoenix\jfoenix\1.4.0\jfoenix-1.4.0.jar;D:\Repository\maven\net\sf\jung\jung-graph-impl\2.1.1\jung-graph-impl-2.1.1.jar;D:\Repository\maven\net\sf\jung\jung-api\2.1.1\jung-api-2.1.1.jar;D:\Repository\maven\com\google\guava\guava\19.0\guava-19.0.jar;D:\Repository\maven\net\sf\jung\jung-visualization\2.1.1\jung-visualization-2.1.1.jar;D:\Repository\maven\net\sf\jung\jung-algorithms\2.1.1\jung-algorithms-2.1.1.jar;D:\Repository\maven\net\sf\jung\jung-samples\2.1.1\jung-samples-2.1.1.jar;D:\Repository\maven\net\sf\jung\jung-io\2.1.1\jung-io-2.1.1.jar;D:\Repository\maven\commons-logging\commons-logging\1.2\commons-logging-1.2.jar
Launcher Type: SUN_STANDARD

Environment Variables:
JAVA_HOME=D:\software\java\jdk8
PATH=D:/software/java/jdk8/bin/../jre/bin/server;D:/software/java/jdk8/bin/../jre/bin;D:/software/java/jdk8/bin/../jre/lib/amd64;D:\software\java\jdk8\bin;D:\software\cmake\bin;D:\software\nodejs\bin;D:\software\ruby-2.3.3-x64\bin;C:\Windows\system32;C:\Windows;C:\Windows\System32\Wbem;C:\Windows\System32\WindowsPowerShell\v1.0\;C:\Program Files (x86)\NVIDIA Corporation\PhysX\Common;C:\Program Files\Intel\WiFi\bin\;C:\Program Files\Common Files\Intel\WirelessCommon\;D:\software\Git\cmd;D:\software\nodejs\;D:\software\python2.7.14;C:\ProgramData\chocolatey\bin;;C:\WINDOWS\system32;C:\WINDOWS;C:\WINDOWS\System32\Wbem;C:\WINDOWS\System32\WindowsPowerShell\v1.0\;D:\software\java\jdk8\bin;D:\software\cmake\bin;D:\software\nodejs\bin;D:\software\ruby-2.3.3-x64\bin;C:\Users\huangjs\AppData\Local\Microsoft\WindowsApps;C:\Program Files\Intel\WiFi\bin\;C:\Program Files\Common Files\Intel\WirelessCommon\;C:\Users\huangjs\AppData\Roaming\npm;;D:\software\sts-bundle\sts-3.9.0.RELEASE;
USERNAME=huangjs
OS=Windows_NT
PROCESSOR_IDENTIFIER=Intel64 Family 6 Model 94 Stepping 3, GenuineIntel



---------------  S Y S T E M  ---------------

OS: Windows 10.0 , 64 bit Build 16299 (10.0.16299.15)

CPU:total 8 (initial active 8) (4 cores per cpu, 2 threads per core) family 6 model 94 stepping 3, cmov, cx8, fxsr, mmx, sse, sse2, sse3, ssse3, sse4.1, sse4.2, popcnt, avx, avx2, aes, clmul, erms, rtm, 3dnowpref, lzcnt, ht, tsc, tscinvbit, bmi1, bmi2, adx

Memory: 4k page, physical 8297340k(1225348k free), swap 16055544k(3272k free)

vm_info: Java HotSpot(TM) 64-Bit Server VM (25.131-b11) for windows-amd64 JRE (1.8.0_131-b11), built on Mar 15 2017 01:23:53 by "java_re" with MS VC++ 10.0 (VS2010)

time: Tue Dec 12 17:06:38 2017
elapsed time: 0 seconds (0d 0h 0m 0s)

