statistics of the differences two clustering files


file0 compare/phoenix/pxd000021/cli_clustering.phospho.0.7_4.new
file1 compare/ebi/pxd000021/pxd000021_ebi.clustering


statistics of files
--------------------------------------------------------------------------------
name                     number              description         
--------------------------------------------------------------------------------
stars No.                6466                in file with less(or equal) clusters: file0
starlets No.             7517                in file with more(or equal) clusters: file1
identical cluster No.    1590                between them        
spectrum No              84190               in stars            
spectrum No              66884               in starlets         
shared spectrum No       64051               between them        
shared spectrum percent  76.08               in stars            
shared spectrum percent  95.76               in starlets         
--------------------------------------------------------------------------------



distribution of cluster size in stars
--------------------------------------------------------------------------------
cluster size        No.                 percentage          accumulate pecentage
--------------------------------------------------------------------------------
13.02               average             
2                   619                 9.57                9.57                
3                   631                 9.76                19.33               
4                   679                 10.50               29.83               
5                   2006                31.02               60.86               
6                   97                  1.50                62.36               
7                   55                  0.85                63.21               
8                   108                 1.67                64.88               
9                   71                  1.10                65.98               
10                  496                 7.67                73.65               
11                  28                  0.43                74.08               
12                  41                  0.63                74.71               
13                  40                  0.62                75.33               
14                  58                  0.90                76.23               
15                  255                 3.94                80.17               
16                  17                  0.26                80.44               
17                  25                  0.39                80.82               
18                  30                  0.46                81.29               
19                  33                  0.51                81.80               
20                  183                 2.83                84.63               
21                  16                  0.25                84.87               
22                  19                  0.29                85.17               
23                  20                  0.31                85.48               
24                  24                  0.37                85.85               
25                  133                 2.06                87.91               
26                  17                  0.26                88.17               
27                  12                  0.19                88.35               
28                  18                  0.28                88.63               
29                  20                  0.31                88.94               
30                  113                 1.75                90.69               
31                  15                  0.23                90.92               
32                  11                  0.17                91.09               
33                  9                   0.14                91.23               
34                  14                  0.22                91.45               
35                  72                  1.11                92.56               
36                  8                   0.12                92.68               
37                  14                  0.22                92.90               
38                  10                  0.15                93.06               
39                  15                  0.23                93.29               
40                  47                  0.73                94.01               
41                  3                   0.05                94.06               
42                  3                   0.05                94.11               
43                  8                   0.12                94.23               
44                  2                   0.03                94.26               
45                  42                  0.65                94.91               
46                  5                   0.08                94.99               
47                  4                   0.06                95.05               
48                  9                   0.14                95.19               
49                  6                   0.09                95.28               
50                  36                  0.56                95.84               
51                  3                   0.05                95.89               
52                  3                   0.05                95.93               
53                  3                   0.05                95.98               
54                  4                   0.06                96.04               
55                  26                  0.40                96.44               
56                  6                   0.09                96.54               
57                  4                   0.06                96.60               
58                  4                   0.06                96.66               
59                  6                   0.09                96.75               
60                  18                  0.28                97.03               
61                  3                   0.05                97.08               
62                  1                   0.02                97.09               
63                  1                   0.02                97.11               
64                  2                   0.03                97.14               
65                  15                  0.23                97.37               
66                  1                   0.02                97.39               
67                  1                   0.02                97.40               
68                  3                   0.05                97.45               
69                  2                   0.03                97.48               
70                  14                  0.22                97.70               
71                  1                   0.02                97.71               
72                  2                   0.03                97.74               
73                  1                   0.02                97.76               
74                  2                   0.03                97.79               
75                  8                   0.12                97.91               
76                  2                   0.03                97.94               
77                  3                   0.05                97.99               
79                  3                   0.05                98.04               
80                  2                   0.03                98.07               
81                  1                   0.02                98.08               
83                  2                   0.03                98.11               
84                  3                   0.05                98.16               
85                  7                   0.11                98.27               
86                  1                   0.02                98.28               
88                  2                   0.03                98.31               
89                  3                   0.05                98.36               
90                  9                   0.14                98.50               
91                  1                   0.02                98.52               
92                  1                   0.02                98.53               
93                  1                   0.02                98.55               
95                  6                   0.09                98.64               
96                  1                   0.02                98.65               
99                  1                   0.02                98.67               
100                 1                   0.02                98.69               
104                 2                   0.03                98.72               
105                 9                   0.14                98.86               
106                 1                   0.02                98.87               
107                 2                   0.03                98.90               
108                 2                   0.03                98.93               
109                 1                   0.02                98.95               
110                 4                   0.06                99.01               
111                 3                   0.05                99.06               
113                 1                   0.02                99.07               
114                 1                   0.02                99.09               
115                 2                   0.03                99.12               
117                 1                   0.02                99.13               
119                 1                   0.02                99.15               
120                 4                   0.06                99.21               
121                 1                   0.02                99.23               
125                 1                   0.02                99.24               
130                 2                   0.03                99.27               
131                 1                   0.02                99.29               
132                 1                   0.02                99.30               
135                 4                   0.06                99.37               
140                 1                   0.02                99.38               
141                 1                   0.02                99.40               
143                 1                   0.02                99.41               
145                 2                   0.03                99.44               
147                 1                   0.02                99.46               
148                 1                   0.02                99.47               
149                 1                   0.02                99.49               
150                 1                   0.02                99.51               
151                 2                   0.03                99.54               
153                 1                   0.02                99.55               
160                 1                   0.02                99.57               
164                 1                   0.02                99.58               
168                 2                   0.03                99.61               
170                 2                   0.03                99.64               
173                 2                   0.03                99.68               
175                 1                   0.02                99.69               
183                 1                   0.02                99.71               
187                 1                   0.02                99.72               
190                 2                   0.03                99.75               
198                 1                   0.02                99.77               
205                 2                   0.03                99.80               
206                 1                   0.02                99.81               
207                 2                   0.03                99.85               
215                 1                   0.02                99.86               
220                 1                   0.02                99.88               
232                 1                   0.02                99.89               
238                 1                   0.02                99.91               
248                 1                   0.02                99.92               
257                 1                   0.02                99.94               
301                 1                   0.02                99.95               
323                 1                   0.02                99.97               
365                 1                   0.02                99.98               
457                 1                   0.02                100.00              
--------------------------------------------------------------------------------



distribution of cluster size in starlets
--------------------------------------------------------------------------------
cluster size        No.                 percentage          accumulate pecentage
--------------------------------------------------------------------------------
8.90                average             
2                   1454                19.34               19.34               
3                   1643                21.86               41.20               
4                   1809                24.07               65.27               
5                   512                 6.81                72.08               
6                   273                 3.63                75.71               
7                   194                 2.58                78.29               
8                   180                 2.39                80.68               
9                   139                 1.85                82.53               
10                  136                 1.81                84.34               
11                  61                  0.81                85.15               
12                  102                 1.36                86.51               
13                  62                  0.82                87.34               
14                  59                  0.78                88.12               
15                  76                  1.01                89.13               
16                  40                  0.53                89.66               
17                  32                  0.43                90.09               
18                  48                  0.64                90.73               
19                  39                  0.52                91.25               
20                  50                  0.67                91.91               
21                  29                  0.39                92.30               
22                  31                  0.41                92.71               
23                  24                  0.32                93.03               
24                  20                  0.27                93.30               
25                  30                  0.40                93.69               
26                  14                  0.19                93.88               
27                  13                  0.17                94.05               
28                  23                  0.31                94.36               
29                  19                  0.25                94.61               
30                  23                  0.31                94.92               
31                  13                  0.17                95.09               
32                  14                  0.19                95.28               
33                  17                  0.23                95.50               
34                  15                  0.20                95.70               
35                  16                  0.21                95.92               
36                  7                   0.09                96.01               
37                  13                  0.17                96.18               
38                  6                   0.08                96.26               
39                  4                   0.05                96.32               
40                  13                  0.17                96.49               
41                  11                  0.15                96.63               
42                  7                   0.09                96.73               
43                  6                   0.08                96.81               
44                  6                   0.08                96.89               
45                  20                  0.27                97.15               
46                  7                   0.09                97.25               
47                  5                   0.07                97.31               
48                  7                   0.09                97.41               
49                  9                   0.12                97.53               
50                  4                   0.05                97.58               
51                  1                   0.01                97.59               
52                  3                   0.04                97.63               
53                  3                   0.04                97.67               
54                  3                   0.04                97.71               
55                  5                   0.07                97.78               
56                  6                   0.08                97.86               
57                  1                   0.01                97.87               
58                  7                   0.09                97.96               
59                  5                   0.07                98.03               
60                  6                   0.08                98.11               
61                  3                   0.04                98.15               
62                  7                   0.09                98.24               
63                  3                   0.04                98.28               
64                  1                   0.01                98.30               
65                  3                   0.04                98.34               
66                  5                   0.07                98.40               
67                  1                   0.01                98.42               
68                  4                   0.05                98.47               
69                  5                   0.07                98.54               
70                  3                   0.04                98.58               
71                  5                   0.07                98.64               
72                  3                   0.04                98.68               
73                  1                   0.01                98.70               
74                  3                   0.04                98.74               
75                  1                   0.01                98.75               
77                  1                   0.01                98.76               
78                  3                   0.04                98.80               
79                  5                   0.07                98.87               
80                  1                   0.01                98.88               
83                  1                   0.01                98.90               
85                  1                   0.01                98.91               
89                  1                   0.01                98.92               
90                  5                   0.07                98.99               
91                  2                   0.03                99.02               
92                  2                   0.03                99.04               
93                  1                   0.01                99.06               
95                  1                   0.01                99.07               
96                  5                   0.07                99.14               
97                  2                   0.03                99.16               
98                  2                   0.03                99.19               
99                  1                   0.01                99.20               
102                 2                   0.03                99.23               
103                 2                   0.03                99.26               
104                 2                   0.03                99.28               
105                 2                   0.03                99.31               
107                 3                   0.04                99.35               
109                 1                   0.01                99.36               
112                 2                   0.03                99.39               
114                 1                   0.01                99.40               
115                 1                   0.01                99.41               
116                 1                   0.01                99.43               
117                 1                   0.01                99.44               
119                 1                   0.01                99.45               
120                 2                   0.03                99.48               
129                 1                   0.01                99.49               
131                 1                   0.01                99.51               
135                 1                   0.01                99.52               
144                 1                   0.01                99.53               
145                 1                   0.01                99.55               
147                 1                   0.01                99.56               
154                 1                   0.01                99.57               
156                 1                   0.01                99.59               
163                 1                   0.01                99.60               
167                 1                   0.01                99.61               
168                 1                   0.01                99.63               
169                 1                   0.01                99.64               
170                 1                   0.01                99.65               
172                 1                   0.01                99.67               
176                 1                   0.01                99.68               
178                 1                   0.01                99.69               
179                 1                   0.01                99.71               
181                 1                   0.01                99.72               
190                 1                   0.01                99.73               
198                 1                   0.01                99.75               
211                 1                   0.01                99.76               
215                 1                   0.01                99.77               
218                 1                   0.01                99.79               
234                 1                   0.01                99.80               
247                 1                   0.01                99.81               
258                 1                   0.01                99.83               
259                 1                   0.01                99.84               
265                 1                   0.01                99.85               
281                 1                   0.01                99.87               
304                 1                   0.01                99.88               
309                 1                   0.01                99.89               
310                 1                   0.01                99.91               
333                 1                   0.01                99.92               
373                 1                   0.01                99.93               
375                 1                   0.01                99.95               
386                 1                   0.01                99.96               
390                 1                   0.01                99.97               
561                 1                   0.01                99.99               
668                 1                   0.01                100.00              
--------------------------------------------------------------------------------



distribution of similarity (identical = 10)
--------------------------------------------------------------------------------
similarity score    pairs of clusters   percentage(stars)   percentage(starlets)
--------------------------------------------------------------------------------
10                  1590                24.59               21.15               
9                   632                 9.77                8.41                
8                   1017                15.73               13.53               
7                   888                 13.73               11.81               
6                   1033                15.98               13.74               
5                   2130                32.94               28.34               
4                   310                 4.79                4.12                
3                   334                 5.17                4.44                
2                   368                 5.69                4.90                
1                   329                 5.09                4.38                
0                   206                 3.19                2.74                
--------------------------------------------------------------------------------



distribution of star divide factors
--------------------------------------------------------------------------------
divide factor       No.                 percentage          
--------------------------------------------------------------------------------
2.07                average             
-16                 1                   0.02                
-6                  1                   0.02                
-4                  2                   0.03                
-3                  4                   0.06                
-2                  7                   0.11                
-1                  9                   0.14                
0                   106                 1.64                
1                   3921                60.64               
2                   1088                16.83               
3                   570                 8.82                
4                   261                 4.04                
5                   130                 2.01                
6                   101                 1.56                
7                   62                  0.96                
8                   48                  0.74                
9                   34                  0.53                
10                  24                  0.37                
11                  17                  0.26                
12                  14                  0.22                
13                  13                  0.20                
14                  10                  0.15                
15                  4                   0.06                
16                  5                   0.08                
17                  10                  0.15                
18                  4                   0.06                
19                  4                   0.06                
20                  2                   0.03                
21                  1                   0.02                
22                  2                   0.03                
24                  1                   0.02                
28                  3                   0.05                
29                  2                   0.03                
30                  2                   0.03                
32                  2                   0.03                
39                  1                   0.02                
--------------------------------------------------------------------------------



distribution of starlet divide factors
--------------------------------------------------------------------------------
divide factor       No.                 percentage          
--------------------------------------------------------------------------------
1.23                average             
0                   307                 4.08                
1                   6455                85.87               
2                   512                 6.81                
3                   110                 1.46                
4                   42                  0.56                
5                   29                  0.39                
6                   15                  0.20                
7                   6                   0.08                
8                   6                   0.08                
9                   4                   0.05                
10                  2                   0.03                
11                  6                   0.08                
12                  3                   0.04                
13                  1                   0.01                
14                  1                   0.01                
19                  1                   0.01                
20                  1                   0.01                
22                  1                   0.01                
23                  1                   0.01                
25                  1                   0.01                
26                  2                   0.03                
27                  1                   0.01                
36                  1                   0.01                
37                  1                   0.01                
43                  1                   0.01                
46                  1                   0.01                
47                  1                   0.01                
48                  1                   0.01                
50                  1                   0.01                
55                  1                   0.01                
59                  1                   0.01                
75                  1                   0.01                
--------------------------------------------------------------------------------



