statistics of the differences two clustering files


file0 /mnt/nfs_hadoop/phoenixcluster/cluster/compare/ebi/pxd000021/pxd000021_ebi.clustering
file1 hdp_clustering.pxd000021.0.7_4


statistics of files
--------------------------------------------------------------------------------
name                     number              description         
--------------------------------------------------------------------------------
stars No.                4177                in file with less(or equal) clusters: file1
starlets No.             7517                in file with more(or equal) clusters: file0
identical cluster No.    855                 between them        
spectrum No              86507               in stars            
spectrum No              66884               in starlets         
shared spectrum No       66812               between them        
shared spectrum percent  77.23               in stars            
shared spectrum percent  99.89               in starlets         
--------------------------------------------------------------------------------



distribution of cluster size in stars
--------------------------------------------------------------------------------
cluster size        No.                 percentage          accumulate pecentage
--------------------------------------------------------------------------------
20.71               average             
2                   271                 6.49                6.49                
3                   355                 8.50                14.99               
4                   305                 7.30                22.29               
5                   1311                31.39               53.67               
6                   51                  1.22                54.90               
7                   46                  1.10                56.00               
8                   71                  1.70                57.70               
9                   33                  0.79                58.49               
10                  372                 8.91                67.39               
11                  18                  0.43                67.82               
12                  22                  0.53                68.35               
13                  31                  0.74                69.09               
14                  25                  0.60                69.69               
15                  180                 4.31                74.00               
16                  16                  0.38                74.38               
17                  22                  0.53                74.91               
18                  29                  0.69                75.60               
19                  29                  0.69                76.30               
20                  129                 3.09                79.39               
21                  9                   0.22                79.60               
22                  9                   0.22                79.82               
23                  16                  0.38                80.20               
24                  15                  0.36                80.56               
25                  95                  2.27                82.83               
26                  7                   0.17                83.00               
27                  5                   0.12                83.12               
28                  12                  0.29                83.41               
29                  14                  0.34                83.74               
30                  67                  1.60                85.35               
31                  6                   0.14                85.49               
32                  8                   0.19                85.68               
33                  7                   0.17                85.85               
34                  11                  0.26                86.11               
35                  60                  1.44                87.55               
36                  8                   0.19                87.74               
37                  10                  0.24                87.98               
38                  6                   0.14                88.13               
39                  6                   0.14                88.27               
40                  36                  0.86                89.13               
41                  2                   0.05                89.18               
42                  1                   0.02                89.20               
43                  4                   0.10                89.30               
44                  4                   0.10                89.39               
45                  30                  0.72                90.11               
46                  2                   0.05                90.16               
47                  1                   0.02                90.18               
48                  4                   0.10                90.28               
49                  4                   0.10                90.38               
50                  23                  0.55                90.93               
51                  3                   0.07                91.00               
52                  1                   0.02                91.02               
53                  5                   0.12                91.14               
54                  7                   0.17                91.31               
55                  33                  0.79                92.10               
56                  4                   0.10                92.20               
57                  2                   0.05                92.24               
58                  4                   0.10                92.34               
59                  1                   0.02                92.36               
60                  18                  0.43                92.79               
61                  1                   0.02                92.82               
62                  4                   0.10                92.91               
63                  4                   0.10                93.01               
64                  5                   0.12                93.13               
65                  17                  0.41                93.54               
66                  2                   0.05                93.58               
68                  4                   0.10                93.68               
69                  3                   0.07                93.75               
70                  13                  0.31                94.06               
73                  2                   0.05                94.11               
74                  5                   0.12                94.23               
75                  15                  0.36                94.59               
76                  5                   0.12                94.71               
77                  2                   0.05                94.76               
78                  1                   0.02                94.78               
79                  4                   0.10                94.88               
80                  13                  0.31                95.19               
81                  1                   0.02                95.21               
82                  1                   0.02                95.24               
83                  2                   0.05                95.28               
84                  2                   0.05                95.33               
85                  11                  0.26                95.59               
86                  1                   0.02                95.62               
87                  3                   0.07                95.69               
88                  1                   0.02                95.71               
89                  2                   0.05                95.76               
90                  5                   0.12                95.88               
93                  3                   0.07                95.95               
94                  4                   0.10                96.05               
95                  7                   0.17                96.22               
100                 6                   0.14                96.36               
101                 3                   0.07                96.43               
102                 2                   0.05                96.48               
103                 1                   0.02                96.50               
104                 3                   0.07                96.58               
105                 2                   0.05                96.62               
106                 1                   0.02                96.65               
107                 3                   0.07                96.72               
108                 2                   0.05                96.77               
109                 1                   0.02                96.79               
110                 4                   0.10                96.89               
113                 1                   0.02                96.91               
115                 10                  0.24                97.15               
117                 1                   0.02                97.18               
118                 1                   0.02                97.20               
119                 1                   0.02                97.22               
120                 7                   0.17                97.39               
122                 1                   0.02                97.41               
125                 4                   0.10                97.51               
126                 1                   0.02                97.53               
127                 1                   0.02                97.56               
128                 1                   0.02                97.58               
130                 4                   0.10                97.68               
131                 1                   0.02                97.70               
134                 2                   0.05                97.75               
135                 3                   0.07                97.82               
137                 1                   0.02                97.85               
139                 1                   0.02                97.87               
140                 1                   0.02                97.89               
141                 1                   0.02                97.92               
145                 4                   0.10                98.01               
146                 1                   0.02                98.04               
149                 1                   0.02                98.06               
150                 2                   0.05                98.11               
151                 1                   0.02                98.13               
153                 1                   0.02                98.16               
155                 2                   0.05                98.20               
158                 1                   0.02                98.23               
160                 3                   0.07                98.30               
162                 1                   0.02                98.32               
165                 3                   0.07                98.40               
167                 1                   0.02                98.42               
170                 1                   0.02                98.44               
175                 2                   0.05                98.49               
176                 1                   0.02                98.52               
179                 1                   0.02                98.54               
180                 2                   0.05                98.59               
185                 2                   0.05                98.64               
186                 2                   0.05                98.68               
187                 1                   0.02                98.71               
189                 1                   0.02                98.73               
192                 1                   0.02                98.76               
193                 1                   0.02                98.78               
195                 1                   0.02                98.80               
199                 1                   0.02                98.83               
200                 3                   0.07                98.90               
203                 1                   0.02                98.92               
205                 1                   0.02                98.95               
212                 1                   0.02                98.97               
218                 1                   0.02                98.99               
220                 3                   0.07                99.07               
229                 1                   0.02                99.09               
231                 1                   0.02                99.11               
232                 1                   0.02                99.14               
234                 1                   0.02                99.16               
235                 1                   0.02                99.19               
238                 1                   0.02                99.21               
245                 1                   0.02                99.23               
252                 1                   0.02                99.26               
255                 1                   0.02                99.28               
259                 1                   0.02                99.31               
260                 3                   0.07                99.38               
285                 1                   0.02                99.40               
299                 1                   0.02                99.43               
308                 1                   0.02                99.45               
314                 1                   0.02                99.47               
315                 2                   0.05                99.52               
326                 1                   0.02                99.55               
335                 1                   0.02                99.57               
339                 1                   0.02                99.59               
345                 1                   0.02                99.62               
354                 1                   0.02                99.64               
355                 1                   0.02                99.66               
405                 1                   0.02                99.69               
425                 1                   0.02                99.71               
435                 1                   0.02                99.74               
439                 1                   0.02                99.76               
450                 1                   0.02                99.78               
469                 1                   0.02                99.81               
506                 1                   0.02                99.83               
516                 1                   0.02                99.86               
600                 1                   0.02                99.88               
653                 1                   0.02                99.90               
719                 1                   0.02                99.93               
828                 1                   0.02                99.95               
947                 1                   0.02                99.98               
1428                1                   0.02                100.00              
--------------------------------------------------------------------------------



distribution of cluster size in starlets
--------------------------------------------------------------------------------
cluster size        No.                 percentage          accumulate pecentage
--------------------------------------------------------------------------------
8.90                average             
2                   1454                19.34               19.34               
3                   1643                21.86               41.20               
4                   1809                24.07               65.27               
5                   512                 6.81                72.08               
6                   273                 3.63                75.71               
7                   194                 2.58                78.29               
8                   180                 2.39                80.68               
9                   139                 1.85                82.53               
10                  136                 1.81                84.34               
11                  61                  0.81                85.15               
12                  102                 1.36                86.51               
13                  62                  0.82                87.34               
14                  59                  0.78                88.12               
15                  76                  1.01                89.13               
16                  40                  0.53                89.66               
17                  32                  0.43                90.09               
18                  48                  0.64                90.73               
19                  39                  0.52                91.25               
20                  50                  0.67                91.91               
21                  29                  0.39                92.30               
22                  31                  0.41                92.71               
23                  24                  0.32                93.03               
24                  20                  0.27                93.30               
25                  30                  0.40                93.69               
26                  14                  0.19                93.88               
27                  13                  0.17                94.05               
28                  23                  0.31                94.36               
29                  19                  0.25                94.61               
30                  23                  0.31                94.92               
31                  13                  0.17                95.09               
32                  14                  0.19                95.28               
33                  17                  0.23                95.50               
34                  15                  0.20                95.70               
35                  16                  0.21                95.92               
36                  7                   0.09                96.01               
37                  13                  0.17                96.18               
38                  6                   0.08                96.26               
39                  4                   0.05                96.32               
40                  13                  0.17                96.49               
41                  11                  0.15                96.63               
42                  7                   0.09                96.73               
43                  6                   0.08                96.81               
44                  6                   0.08                96.89               
45                  20                  0.27                97.15               
46                  7                   0.09                97.25               
47                  5                   0.07                97.31               
48                  7                   0.09                97.41               
49                  9                   0.12                97.53               
50                  4                   0.05                97.58               
51                  1                   0.01                97.59               
52                  3                   0.04                97.63               
53                  3                   0.04                97.67               
54                  3                   0.04                97.71               
55                  5                   0.07                97.78               
56                  6                   0.08                97.86               
57                  1                   0.01                97.87               
58                  7                   0.09                97.96               
59                  5                   0.07                98.03               
60                  6                   0.08                98.11               
61                  3                   0.04                98.15               
62                  7                   0.09                98.24               
63                  3                   0.04                98.28               
64                  1                   0.01                98.30               
65                  3                   0.04                98.34               
66                  5                   0.07                98.40               
67                  1                   0.01                98.42               
68                  4                   0.05                98.47               
69                  5                   0.07                98.54               
70                  3                   0.04                98.58               
71                  5                   0.07                98.64               
72                  3                   0.04                98.68               
73                  1                   0.01                98.70               
74                  3                   0.04                98.74               
75                  1                   0.01                98.75               
77                  1                   0.01                98.76               
78                  3                   0.04                98.80               
79                  5                   0.07                98.87               
80                  1                   0.01                98.88               
83                  1                   0.01                98.90               
85                  1                   0.01                98.91               
89                  1                   0.01                98.92               
90                  5                   0.07                98.99               
91                  2                   0.03                99.02               
92                  2                   0.03                99.04               
93                  1                   0.01                99.06               
95                  1                   0.01                99.07               
96                  5                   0.07                99.14               
97                  2                   0.03                99.16               
98                  2                   0.03                99.19               
99                  1                   0.01                99.20               
102                 2                   0.03                99.23               
103                 2                   0.03                99.26               
104                 2                   0.03                99.28               
105                 2                   0.03                99.31               
107                 3                   0.04                99.35               
109                 1                   0.01                99.36               
112                 2                   0.03                99.39               
114                 1                   0.01                99.40               
115                 1                   0.01                99.41               
116                 1                   0.01                99.43               
117                 1                   0.01                99.44               
119                 1                   0.01                99.45               
120                 2                   0.03                99.48               
129                 1                   0.01                99.49               
131                 1                   0.01                99.51               
135                 1                   0.01                99.52               
144                 1                   0.01                99.53               
145                 1                   0.01                99.55               
147                 1                   0.01                99.56               
154                 1                   0.01                99.57               
156                 1                   0.01                99.59               
163                 1                   0.01                99.60               
167                 1                   0.01                99.61               
168                 1                   0.01                99.63               
169                 1                   0.01                99.64               
170                 1                   0.01                99.65               
172                 1                   0.01                99.67               
176                 1                   0.01                99.68               
178                 1                   0.01                99.69               
179                 1                   0.01                99.71               
181                 1                   0.01                99.72               
190                 1                   0.01                99.73               
198                 1                   0.01                99.75               
211                 1                   0.01                99.76               
215                 1                   0.01                99.77               
218                 1                   0.01                99.79               
234                 1                   0.01                99.80               
247                 1                   0.01                99.81               
258                 1                   0.01                99.83               
259                 1                   0.01                99.84               
265                 1                   0.01                99.85               
281                 1                   0.01                99.87               
304                 1                   0.01                99.88               
309                 1                   0.01                99.89               
310                 1                   0.01                99.91               
333                 1                   0.01                99.92               
373                 1                   0.01                99.93               
375                 1                   0.01                99.95               
386                 1                   0.01                99.96               
390                 1                   0.01                99.97               
561                 1                   0.01                99.99               
668                 1                   0.01                100.00              
--------------------------------------------------------------------------------



distribution of similarity (identical = 10)
--------------------------------------------------------------------------------
similarity score    pairs of clusters   percentage(stars)   percentage(starlets)
--------------------------------------------------------------------------------
10                  855                 20.47               11.37               
9                   380                 9.10                5.06                
8                   692                 16.57               9.21                
7                   739                 17.69               9.83                
6                   1169                27.99               15.55               
5                   3631                86.93               48.30               
4                   32                  0.77                0.43                
3                   51                  1.22                0.68                
2                   75                  1.80                1.00                
1                   35                  0.84                0.47                
0                   38                  0.91                0.51                
--------------------------------------------------------------------------------



distribution of star divide factors
--------------------------------------------------------------------------------
divide factor       No.                 percentage          
--------------------------------------------------------------------------------
2.90                average             
-115                1                   0.02                
-54                 1                   0.02                
-32                 1                   0.02                
-27                 1                   0.02                
-19                 1                   0.02                
-6                  1                   0.02                
-3                  1                   0.02                
-2                  1                   0.02                
-1                  3                   0.07                
0                   69                  1.65                
1                   2313                55.37               
2                   604                 14.46               
3                   371                 8.88                
4                   225                 5.39                
5                   123                 2.94                
6                   97                  2.32                
7                   70                  1.68                
8                   45                  1.08                
9                   37                  0.89                
10                  36                  0.86                
11                  27                  0.65                
12                  25                  0.60                
13                  10                  0.24                
14                  17                  0.41                
15                  14                  0.34                
16                  12                  0.29                
17                  8                   0.19                
18                  11                  0.26                
19                  1                   0.02                
20                  3                   0.07                
21                  1                   0.02                
22                  3                   0.07                
23                  5                   0.12                
24                  2                   0.05                
25                  3                   0.07                
26                  2                   0.05                
27                  7                   0.17                
28                  7                   0.17                
29                  1                   0.02                
30                  3                   0.07                
31                  1                   0.02                
32                  2                   0.05                
37                  1                   0.02                
38                  1                   0.02                
39                  1                   0.02                
41                  1                   0.02                
42                  1                   0.02                
55                  1                   0.02                
57                  1                   0.02                
77                  1                   0.02                
106                 1                   0.02                
148                 1                   0.02                
406                 1                   0.02                
--------------------------------------------------------------------------------



distribution of starlet divide factors
--------------------------------------------------------------------------------
divide factor       No.                 percentage          
--------------------------------------------------------------------------------
1.02                average             
0                   7                   0.09                
1                   7332                97.54               
2                   165                 2.20                
3                   12                  0.16                
4                   1                   0.01                
--------------------------------------------------------------------------------



