statistics of the differences two clustering files


file0 cli_clustering.pxd000021.0.7_4
file1 hdp_clustering.pxd000021.0.7_4


statistics of files
--------------------------------------------------------------------------------
name                     number              description         
--------------------------------------------------------------------------------
stars No.                4177                in file with less(or equal) clusters: file1
starlets No.             6466                in file with more(or equal) clusters: file0
identical cluster No.    2526                between them        
spectrum No              86507               in stars            
spectrum No              84190               in starlets         
shared spectrum No       79612               between them        
shared spectrum percent  92.03               in stars            
shared spectrum percent  94.56               in starlets         
--------------------------------------------------------------------------------



distribution of cluster size in stars
--------------------------------------------------------------------------------
cluster size        No.                 percentage          accumulate pecentage
--------------------------------------------------------------------------------
20.71               average             
2                   271                 6.49                6.49                
3                   355                 8.50                14.99               
4                   305                 7.30                22.29               
5                   1311                31.39               53.67               
6                   51                  1.22                54.90               
7                   46                  1.10                56.00               
8                   71                  1.70                57.70               
9                   33                  0.79                58.49               
10                  372                 8.91                67.39               
11                  18                  0.43                67.82               
12                  22                  0.53                68.35               
13                  31                  0.74                69.09               
14                  25                  0.60                69.69               
15                  180                 4.31                74.00               
16                  16                  0.38                74.38               
17                  22                  0.53                74.91               
18                  29                  0.69                75.60               
19                  29                  0.69                76.30               
20                  129                 3.09                79.39               
21                  9                   0.22                79.60               
22                  9                   0.22                79.82               
23                  16                  0.38                80.20               
24                  15                  0.36                80.56               
25                  95                  2.27                82.83               
26                  7                   0.17                83.00               
27                  5                   0.12                83.12               
28                  12                  0.29                83.41               
29                  14                  0.34                83.74               
30                  67                  1.60                85.35               
31                  6                   0.14                85.49               
32                  8                   0.19                85.68               
33                  7                   0.17                85.85               
34                  11                  0.26                86.11               
35                  60                  1.44                87.55               
36                  8                   0.19                87.74               
37                  10                  0.24                87.98               
38                  6                   0.14                88.13               
39                  6                   0.14                88.27               
40                  36                  0.86                89.13               
41                  2                   0.05                89.18               
42                  1                   0.02                89.20               
43                  4                   0.10                89.30               
44                  4                   0.10                89.39               
45                  30                  0.72                90.11               
46                  2                   0.05                90.16               
47                  1                   0.02                90.18               
48                  4                   0.10                90.28               
49                  4                   0.10                90.38               
50                  23                  0.55                90.93               
51                  3                   0.07                91.00               
52                  1                   0.02                91.02               
53                  5                   0.12                91.14               
54                  7                   0.17                91.31               
55                  33                  0.79                92.10               
56                  4                   0.10                92.20               
57                  2                   0.05                92.24               
58                  4                   0.10                92.34               
59                  1                   0.02                92.36               
60                  18                  0.43                92.79               
61                  1                   0.02                92.82               
62                  4                   0.10                92.91               
63                  4                   0.10                93.01               
64                  5                   0.12                93.13               
65                  17                  0.41                93.54               
66                  2                   0.05                93.58               
68                  4                   0.10                93.68               
69                  3                   0.07                93.75               
70                  13                  0.31                94.06               
73                  2                   0.05                94.11               
74                  5                   0.12                94.23               
75                  15                  0.36                94.59               
76                  5                   0.12                94.71               
77                  2                   0.05                94.76               
78                  1                   0.02                94.78               
79                  4                   0.10                94.88               
80                  13                  0.31                95.19               
81                  1                   0.02                95.21               
82                  1                   0.02                95.24               
83                  2                   0.05                95.28               
84                  2                   0.05                95.33               
85                  11                  0.26                95.59               
86                  1                   0.02                95.62               
87                  3                   0.07                95.69               
88                  1                   0.02                95.71               
89                  2                   0.05                95.76               
90                  5                   0.12                95.88               
93                  3                   0.07                95.95               
94                  4                   0.10                96.05               
95                  7                   0.17                96.22               
100                 6                   0.14                96.36               
101                 3                   0.07                96.43               
102                 2                   0.05                96.48               
103                 1                   0.02                96.50               
104                 3                   0.07                96.58               
105                 2                   0.05                96.62               
106                 1                   0.02                96.65               
107                 3                   0.07                96.72               
108                 2                   0.05                96.77               
109                 1                   0.02                96.79               
110                 4                   0.10                96.89               
113                 1                   0.02                96.91               
115                 10                  0.24                97.15               
117                 1                   0.02                97.18               
118                 1                   0.02                97.20               
119                 1                   0.02                97.22               
120                 7                   0.17                97.39               
122                 1                   0.02                97.41               
125                 4                   0.10                97.51               
126                 1                   0.02                97.53               
127                 1                   0.02                97.56               
128                 1                   0.02                97.58               
130                 4                   0.10                97.68               
131                 1                   0.02                97.70               
134                 2                   0.05                97.75               
135                 3                   0.07                97.82               
137                 1                   0.02                97.85               
139                 1                   0.02                97.87               
140                 1                   0.02                97.89               
141                 1                   0.02                97.92               
145                 4                   0.10                98.01               
146                 1                   0.02                98.04               
149                 1                   0.02                98.06               
150                 2                   0.05                98.11               
151                 1                   0.02                98.13               
153                 1                   0.02                98.16               
155                 2                   0.05                98.20               
158                 1                   0.02                98.23               
160                 3                   0.07                98.30               
162                 1                   0.02                98.32               
165                 3                   0.07                98.40               
167                 1                   0.02                98.42               
170                 1                   0.02                98.44               
175                 2                   0.05                98.49               
176                 1                   0.02                98.52               
179                 1                   0.02                98.54               
180                 2                   0.05                98.59               
185                 2                   0.05                98.64               
186                 2                   0.05                98.68               
187                 1                   0.02                98.71               
189                 1                   0.02                98.73               
192                 1                   0.02                98.76               
193                 1                   0.02                98.78               
195                 1                   0.02                98.80               
199                 1                   0.02                98.83               
200                 3                   0.07                98.90               
203                 1                   0.02                98.92               
205                 1                   0.02                98.95               
212                 1                   0.02                98.97               
218                 1                   0.02                98.99               
220                 3                   0.07                99.07               
229                 1                   0.02                99.09               
231                 1                   0.02                99.11               
232                 1                   0.02                99.14               
234                 1                   0.02                99.16               
235                 1                   0.02                99.19               
238                 1                   0.02                99.21               
245                 1                   0.02                99.23               
252                 1                   0.02                99.26               
255                 1                   0.02                99.28               
259                 1                   0.02                99.31               
260                 3                   0.07                99.38               
285                 1                   0.02                99.40               
299                 1                   0.02                99.43               
308                 1                   0.02                99.45               
314                 1                   0.02                99.47               
315                 2                   0.05                99.52               
326                 1                   0.02                99.55               
335                 1                   0.02                99.57               
339                 1                   0.02                99.59               
345                 1                   0.02                99.62               
354                 1                   0.02                99.64               
355                 1                   0.02                99.66               
405                 1                   0.02                99.69               
425                 1                   0.02                99.71               
435                 1                   0.02                99.74               
439                 1                   0.02                99.76               
450                 1                   0.02                99.78               
469                 1                   0.02                99.81               
506                 1                   0.02                99.83               
516                 1                   0.02                99.86               
600                 1                   0.02                99.88               
653                 1                   0.02                99.90               
719                 1                   0.02                99.93               
828                 1                   0.02                99.95               
947                 1                   0.02                99.98               
1428                1                   0.02                100.00              
--------------------------------------------------------------------------------



distribution of cluster size in starlets
--------------------------------------------------------------------------------
cluster size        No.                 percentage          accumulate pecentage
--------------------------------------------------------------------------------
13.02               average             
2                   619                 9.57                9.57                
3                   631                 9.76                19.33               
4                   679                 10.50               29.83               
5                   2006                31.02               60.86               
6                   97                  1.50                62.36               
7                   55                  0.85                63.21               
8                   108                 1.67                64.88               
9                   71                  1.10                65.98               
10                  496                 7.67                73.65               
11                  28                  0.43                74.08               
12                  41                  0.63                74.71               
13                  40                  0.62                75.33               
14                  58                  0.90                76.23               
15                  255                 3.94                80.17               
16                  17                  0.26                80.44               
17                  25                  0.39                80.82               
18                  30                  0.46                81.29               
19                  33                  0.51                81.80               
20                  183                 2.83                84.63               
21                  16                  0.25                84.87               
22                  19                  0.29                85.17               
23                  20                  0.31                85.48               
24                  24                  0.37                85.85               
25                  133                 2.06                87.91               
26                  17                  0.26                88.17               
27                  12                  0.19                88.35               
28                  18                  0.28                88.63               
29                  20                  0.31                88.94               
30                  113                 1.75                90.69               
31                  15                  0.23                90.92               
32                  11                  0.17                91.09               
33                  9                   0.14                91.23               
34                  14                  0.22                91.45               
35                  72                  1.11                92.56               
36                  8                   0.12                92.68               
37                  14                  0.22                92.90               
38                  10                  0.15                93.06               
39                  15                  0.23                93.29               
40                  47                  0.73                94.01               
41                  3                   0.05                94.06               
42                  3                   0.05                94.11               
43                  8                   0.12                94.23               
44                  2                   0.03                94.26               
45                  42                  0.65                94.91               
46                  5                   0.08                94.99               
47                  4                   0.06                95.05               
48                  9                   0.14                95.19               
49                  6                   0.09                95.28               
50                  36                  0.56                95.84               
51                  3                   0.05                95.89               
52                  3                   0.05                95.93               
53                  3                   0.05                95.98               
54                  4                   0.06                96.04               
55                  26                  0.40                96.44               
56                  6                   0.09                96.54               
57                  4                   0.06                96.60               
58                  4                   0.06                96.66               
59                  6                   0.09                96.75               
60                  18                  0.28                97.03               
61                  3                   0.05                97.08               
62                  1                   0.02                97.09               
63                  1                   0.02                97.11               
64                  2                   0.03                97.14               
65                  15                  0.23                97.37               
66                  1                   0.02                97.39               
67                  1                   0.02                97.40               
68                  3                   0.05                97.45               
69                  2                   0.03                97.48               
70                  14                  0.22                97.70               
71                  1                   0.02                97.71               
72                  2                   0.03                97.74               
73                  1                   0.02                97.76               
74                  2                   0.03                97.79               
75                  8                   0.12                97.91               
76                  2                   0.03                97.94               
77                  3                   0.05                97.99               
79                  3                   0.05                98.04               
80                  2                   0.03                98.07               
81                  1                   0.02                98.08               
83                  2                   0.03                98.11               
84                  3                   0.05                98.16               
85                  7                   0.11                98.27               
86                  1                   0.02                98.28               
88                  2                   0.03                98.31               
89                  3                   0.05                98.36               
90                  9                   0.14                98.50               
91                  1                   0.02                98.52               
92                  1                   0.02                98.53               
93                  1                   0.02                98.55               
95                  6                   0.09                98.64               
96                  1                   0.02                98.65               
99                  1                   0.02                98.67               
100                 1                   0.02                98.69               
104                 2                   0.03                98.72               
105                 9                   0.14                98.86               
106                 1                   0.02                98.87               
107                 2                   0.03                98.90               
108                 2                   0.03                98.93               
109                 1                   0.02                98.95               
110                 4                   0.06                99.01               
111                 3                   0.05                99.06               
113                 1                   0.02                99.07               
114                 1                   0.02                99.09               
115                 2                   0.03                99.12               
117                 1                   0.02                99.13               
119                 1                   0.02                99.15               
120                 4                   0.06                99.21               
121                 1                   0.02                99.23               
125                 1                   0.02                99.24               
130                 2                   0.03                99.27               
131                 1                   0.02                99.29               
132                 1                   0.02                99.30               
135                 4                   0.06                99.37               
140                 1                   0.02                99.38               
141                 1                   0.02                99.40               
143                 1                   0.02                99.41               
145                 2                   0.03                99.44               
147                 1                   0.02                99.46               
148                 1                   0.02                99.47               
149                 1                   0.02                99.49               
150                 1                   0.02                99.51               
151                 2                   0.03                99.54               
153                 1                   0.02                99.55               
160                 1                   0.02                99.57               
164                 1                   0.02                99.58               
168                 2                   0.03                99.61               
170                 2                   0.03                99.64               
173                 2                   0.03                99.68               
175                 1                   0.02                99.69               
183                 1                   0.02                99.71               
187                 1                   0.02                99.72               
190                 2                   0.03                99.75               
198                 1                   0.02                99.77               
205                 2                   0.03                99.80               
206                 1                   0.02                99.81               
207                 2                   0.03                99.85               
215                 1                   0.02                99.86               
220                 1                   0.02                99.88               
232                 1                   0.02                99.89               
238                 1                   0.02                99.91               
248                 1                   0.02                99.92               
257                 1                   0.02                99.94               
301                 1                   0.02                99.95               
323                 1                   0.02                99.97               
365                 1                   0.02                99.98               
457                 1                   0.02                100.00              
--------------------------------------------------------------------------------



distribution of similarity (identical = 10)
--------------------------------------------------------------------------------
similarity score    pairs of clusters   percentage(stars)   percentage(starlets)
--------------------------------------------------------------------------------
10                  2526                60.47               39.07               
9                   168                 4.02                2.60                
8                   280                 6.70                4.33                
7                   574                 13.74               8.88                
6                   758                 18.15               11.72               
5                   2048                49.03               31.67               
4                   24                  0.57                0.37                
3                   29                  0.69                0.45                
2                   26                  0.62                0.40                
1                   27                  0.65                0.42                
0                   16                  0.38                0.25                
--------------------------------------------------------------------------------



distribution of star divide factors
--------------------------------------------------------------------------------
divide factor       No.                 percentage          
--------------------------------------------------------------------------------
1.80                average             
0                   44                  1.05                
1                   3128                74.89               
2                   527                 12.62               
3                   177                 4.24                
4                   107                 2.56                
5                   62                  1.48                
6                   29                  0.69                
7                   18                  0.43                
8                   17                  0.41                
9                   13                  0.31                
10                  7                   0.17                
11                  4                   0.10                
12                  5                   0.12                
13                  4                   0.10                
14                  2                   0.05                
15                  2                   0.05                
16                  3                   0.07                
17                  2                   0.05                
18                  2                   0.05                
19                  1                   0.02                
20                  1                   0.02                
21                  2                   0.05                
22                  1                   0.02                
23                  1                   0.02                
24                  1                   0.02                
25                  1                   0.02                
28                  1                   0.02                
29                  2                   0.05                
30                  1                   0.02                
32                  1                   0.02                
35                  1                   0.02                
37                  1                   0.02                
53                  1                   0.02                
55                  1                   0.02                
64                  1                   0.02                
65                  1                   0.02                
68                  1                   0.02                
69                  1                   0.02                
80                  1                   0.02                
136                 1                   0.02                
209                 1                   0.02                
--------------------------------------------------------------------------------



distribution of starlet divide factors
--------------------------------------------------------------------------------
divide factor       No.                 percentage          
--------------------------------------------------------------------------------
1.07                average             
0                   125                 1.93                
1                   6054                93.63               
2                   206                 3.19                
3                   40                  0.62                
4                   14                  0.22                
5                   6                   0.09                
6                   8                   0.12                
7                   2                   0.03                
8                   2                   0.03                
9                   2                   0.03                
10                  2                   0.03                
11                  2                   0.03                
15                  1                   0.02                
16                  1                   0.02                
19                  1                   0.02                
--------------------------------------------------------------------------------



